c:\users\jack\desktop\ece637\lab3\lab3\lab3\x64\debug\vc143.pdb
c:\users\jack\desktop\ece637\lab3\lab3\lab3\x64\debug\vc143.idb
c:\users\jack\desktop\ece637\lab3\lab3\lab3\x64\debug\tiff.obj
c:\users\jack\desktop\ece637\lab3\lab3\lab3\x64\debug\solve.obj
c:\users\jack\desktop\ece637\lab3\lab3\lab3\x64\debug\randlib.obj
c:\users\jack\desktop\ece637\lab3\lab3\lab3\x64\debug\qggmrf.obj
c:\users\jack\desktop\ece637\lab3\lab3\lab3\x64\debug\imagereadwriteexample.obj
c:\users\jack\desktop\ece637\lab3\lab3\lab3\x64\debug\connectedneighbors.obj
c:\users\jack\desktop\ece637\lab3\lab3\lab3\x64\debug\connectedset.obj
c:\users\jack\desktop\ece637\lab3\lab3\lab3\x64\debug\allocate.obj
c:\users\jack\desktop\ece637\lab3\lab3\x64\debug\lab3.exe
c:\users\jack\desktop\ece637\lab3\lab3\lab3\x64\debug\lab3.ilk
c:\users\jack\desktop\ece637\lab3\lab3\x64\debug\lab3.pdb
c:\users\jack\desktop\ece637\lab3\lab3\lab3\x64\debug\connectedset.new.obj.enc
c:\users\jack\desktop\ece637\lab3\lab3\lab3\x64\debug\allocate.nativecodeanalysis.xml
c:\users\jack\desktop\ece637\lab3\lab3\lab3\x64\debug\connectedneighbors.nativecodeanalysis.xml
c:\users\jack\desktop\ece637\lab3\lab3\lab3\x64\debug\connectedset.nativecodeanalysis.xml
c:\users\jack\desktop\ece637\lab3\lab3\lab3\x64\debug\imagereadwriteexample.nativecodeanalysis.xml
c:\users\jack\desktop\ece637\lab3\lab3\lab3\x64\debug\qggmrf.nativecodeanalysis.xml
c:\users\jack\desktop\ece637\lab3\lab3\lab3\x64\debug\randlib.nativecodeanalysis.xml
c:\users\jack\desktop\ece637\lab3\lab3\lab3\x64\debug\solve.nativecodeanalysis.xml
c:\users\jack\desktop\ece637\lab3\lab3\lab3\x64\debug\tiff.nativecodeanalysis.xml
c:\users\jack\desktop\ece637\lab3\lab3\lab3\x64\debug\vc.nativecodeanalysis.all.xml
c:\users\jack\desktop\ece637\lab3\lab3\lab3\x64\debug\lab3.tlog\cl.command.1.tlog
c:\users\jack\desktop\ece637\lab3\lab3\lab3\x64\debug\lab3.tlog\cl.read.1.tlog
c:\users\jack\desktop\ece637\lab3\lab3\lab3\x64\debug\lab3.tlog\cl.write.1.tlog
c:\users\jack\desktop\ece637\lab3\lab3\lab3\x64\debug\lab3.tlog\link.command.1.tlog
c:\users\jack\desktop\ece637\lab3\lab3\lab3\x64\debug\lab3.tlog\link.read.1.tlog
c:\users\jack\desktop\ece637\lab3\lab3\lab3\x64\debug\lab3.tlog\link.write.1.tlog
